<?xml version="1.0" encoding="UTF-8"?>
<!-- Generated by org.testng.reporters.JUnitXMLReporter -->
<testsuite ignored="6" hostname="mohitparihar" failures="0" tests="1" name="TestChrome" time="1.527" errors="0" timestamp="2022-02-04T14:57:59 IST">
  <testcase classname="com.SeleniumProject.tests.BaseTest" name="@BeforeMethod chooseDriver" time="1.486">
    <failure type="org.openqa.selenium.SessionNotCreatedException" message="session not created: This version of ChromeDriver only supports Chrome version 94
Current browser version is 97.0.4692.99 with binary path C:\Program Files\Google\Chrome\Application\chrome.exe
Build info: version: &amp;apos;3.141.59&amp;apos;, revision: &amp;apos;e82be7d358&amp;apos;, time: &amp;apos;2018-11-14T08:17:03&amp;apos;
System info: host: &amp;apos;MOHITPARIHAR&amp;apos;, ip: &amp;apos;192.168.0.104&amp;apos;, os.name: &amp;apos;Windows 10&amp;apos;, os.arch: &amp;apos;amd64&amp;apos;, os.version: &amp;apos;10.0&amp;apos;, java.version: &amp;apos;11.0.12&amp;apos;
Driver info: driver.version: ChromeDriver
remote stacktrace: Backtrace:
	Ordinal0 [0x011ABDE3+2473443]
	Ordinal0 [0x01146661+2057825]
	Ordinal0 [0x01052438+1057848]
	Ordinal0 [0x0107054A+1181002]
	Ordinal0 [0x0106C435+1164341]
	Ordinal0 [0x01069CAF+1154223]
	Ordinal0 [0x01099ADF+1350367]
	Ordinal0 [0x0109974A+1349450]
	Ordinal0 [0x010955AB+1332651]
	Ordinal0 [0x01072104+1188100]
	Ordinal0 [0x01072F59+1191769]
	GetHandleVerifier [0x01332266+1549718]
	GetHandleVerifier [0x013DD4A7+2250711]
	GetHandleVerifier [0x0123718B+521403]
	GetHandleVerifier [0x01236229+517465]
	Ordinal0 [0x0114B79D+2078621]
	Ordinal0 [0x0114FB58+2095960]
	Ordinal0 [0x0114FC92+2096274]
	Ordinal0 [0x01159541+2135361]
	BaseThreadInitThunk [0x7704FA29+25]
	RtlGetAppContainerNamedObjectPath [0x77457A9E+286]
	RtlGetAppContainerNamedObjectPath [0x77457A6E+238]
">
      <![CDATA[org.openqa.selenium.SessionNotCreatedException: session not created: This version of ChromeDriver only supports Chrome version 94
Current browser version is 97.0.4692.99 with binary path C:\Program Files\Google\Chrome\Application\chrome.exe
Build info: version: '3.141.59', revision: 'e82be7d358', time: '2018-11-14T08:17:03'
System info: host: 'MOHITPARIHAR', ip: '192.168.0.104', os.name: 'Windows 10', os.arch: 'amd64', os.version: '10.0', java.version: '11.0.12'
Driver info: driver.version: ChromeDriver
remote stacktrace: Backtrace:
Ordinal0 [0x011ABDE3+2473443]
Ordinal0 [0x01146661+2057825]
Ordinal0 [0x01052438+1057848]
Ordinal0 [0x0107054A+1181002]
Ordinal0 [0x0106C435+1164341]
Ordinal0 [0x01069CAF+1154223]
Ordinal0 [0x01099ADF+1350367]
Ordinal0 [0x0109974A+1349450]
Ordinal0 [0x010955AB+1332651]
Ordinal0 [0x01072104+1188100]
Ordinal0 [0x01072F59+1191769]
GetHandleVerifier [0x01332266+1549718]
GetHandleVerifier [0x013DD4A7+2250711]
GetHandleVerifier [0x0123718B+521403]
GetHandleVerifier [0x01236229+517465]
Ordinal0 [0x0114B79D+2078621]
Ordinal0 [0x0114FB58+2095960]
Ordinal0 [0x0114FC92+2096274]
Ordinal0 [0x01159541+2135361]
BaseThreadInitThunk [0x7704FA29+25]
RtlGetAppContainerNamedObjectPath [0x77457A9E+286]
RtlGetAppContainerNamedObjectPath [0x77457A6E+238]

at org.openqa.selenium.remote.W3CHandshakeResponse.lambda$errorHandler$0(W3CHandshakeResponse.java:62)
at org.openqa.selenium.remote.HandshakeResponse.lambda$getResponseFunction$0(HandshakeResponse.java:30)
at org.openqa.selenium.remote.ProtocolHandshake.lambda$createSession$0(ProtocolHandshake.java:126)
at java.base/java.util.stream.ReferencePipeline$3$1.accept(ReferencePipeline.java:195)
at java.base/java.util.Spliterators$ArraySpliterator.tryAdvance(Spliterators.java:958)
at java.base/java.util.stream.ReferencePipeline.forEachWithCancel(ReferencePipeline.java:127)
at java.base/java.util.stream.AbstractPipeline.copyIntoWithCancel(AbstractPipeline.java:502)
at java.base/java.util.stream.AbstractPipeline.copyInto(AbstractPipeline.java:488)
at java.base/java.util.stream.AbstractPipeline.wrapAndCopyInto(AbstractPipeline.java:474)
at java.base/java.util.stream.FindOps$FindOp.evaluateSequential(FindOps.java:150)
at java.base/java.util.stream.AbstractPipeline.evaluate(AbstractPipeline.java:234)
at java.base/java.util.stream.ReferencePipeline.findFirst(ReferencePipeline.java:543)
at org.openqa.selenium.remote.ProtocolHandshake.createSession(ProtocolHandshake.java:128)
at org.openqa.selenium.remote.ProtocolHandshake.createSession(ProtocolHandshake.java:74)
at org.openqa.selenium.remote.HttpCommandExecutor.execute(HttpCommandExecutor.java:136)
at org.openqa.selenium.remote.service.DriverCommandExecutor.execute(DriverCommandExecutor.java:83)
at org.openqa.selenium.remote.RemoteWebDriver.execute(RemoteWebDriver.java:552)
at org.openqa.selenium.remote.RemoteWebDriver.startSession(RemoteWebDriver.java:213)
at org.openqa.selenium.remote.RemoteWebDriver.<init>(RemoteWebDriver.java:131)
at org.openqa.selenium.chrome.ChromeDriver.<init>(ChromeDriver.java:181)
at org.openqa.selenium.chrome.ChromeDriver.<init>(ChromeDriver.java:168)
at org.openqa.selenium.chrome.ChromeDriver.<init>(ChromeDriver.java:157)
at com.SeleniumProject.tests.BaseTest.chooseDriver(BaseTest.java:75)
at java.base/java.util.ArrayList.forEach(ArrayList.java:1541)
... Removed 35 stack frames]]>
    </failure>
  </testcase> <!-- @BeforeMethod chooseDriver -->
  <testcase classname="com.SeleniumProject.tests.BaseTest" name="@AfterMethod attachScreenshot" time="-1.643966879626E9">
    <skipped/>
  </testcase> <!-- @AfterMethod attachScreenshot -->
  <testcase classname="com.SeleniumProject.tests.AddToCartTest" name="addToCart" time="0.0">
    <skipped/>
  </testcase> <!-- addToCart -->
  <testcase classname="com.SeleniumProject.tests.BaseTest" name="@AfterSuite endReport" time="0.0">
    <ignored/>
  </testcase> <!-- @AfterSuite endReport -->
  <testcase classname="com.SeleniumProject.tests.BaseTest" name="@AfterSuite endReport" time="0.0">
    <ignored/>
  </testcase> <!-- @AfterSuite endReport -->
  <testcase classname="com.SeleniumProject.tests.BaseTest" name="@AfterSuite endReport" time="0.0">
    <ignored/>
  </testcase> <!-- @AfterSuite endReport -->
  <testcase classname="com.SeleniumProject.tests.BaseTest" name="@BeforeSuite setExtent" time="0.0">
    <ignored/>
  </testcase> <!-- @BeforeSuite setExtent -->
  <testcase classname="com.SeleniumProject.tests.BaseTest" name="@BeforeSuite setExtent" time="0.0">
    <ignored/>
  </testcase> <!-- @BeforeSuite setExtent -->
  <testcase classname="com.SeleniumProject.tests.BaseTest" name="@BeforeSuite setExtent" time="0.0">
    <ignored/>
  </testcase> <!-- @BeforeSuite setExtent -->
</testsuite> <!-- TestChrome -->
