<?xml version="1.0" encoding="UTF-8"?>
<testng-results ignored="18" total="21" passed="1" failed="0" skipped="2">
  <reporter-output>
  </reporter-output>
  <suite started-at="2022-02-04T14:57:58 IST" name="Suite" finished-at="2022-02-04T14:58:13 IST" duration-ms="15897">
    <groups>
    </groups>
    <test started-at="2022-02-04T14:57:58 IST" name="TestChrome" finished-at="2022-02-04T14:57:59 IST" duration-ms="1527">
      <class name="com.SeleniumProject.tests.AddToCartTest">
        <test-method is-config="true" signature="chooseDriver(java.lang.String)[pri:0, instance:com.SeleniumProject.tests.AddToCartTest@53fdffa1]" started-at="2022-02-04T14:57:58 IST" name="chooseDriver" finished-at="2022-02-04T14:57:59 IST" duration-ms="1486" status="FAIL">
          <params>
            <param index="0">
              <value>
                <![CDATA[chrome]]>
              </value>
            </param>
          </params>
          <exception class="org.openqa.selenium.SessionNotCreatedException">
            <message>
              <![CDATA[session not created: This version of ChromeDriver only supports Chrome version 94
Current browser version is 97.0.4692.99 with binary path C:\Program Files\Google\Chrome\Application\chrome.exe
Build info: version: '3.141.59', revision: 'e82be7d358', time: '2018-11-14T08:17:03'
System info: host: 'MOHITPARIHAR', ip: '192.168.0.104', os.name: 'Windows 10', os.arch: 'amd64', os.version: '10.0', java.version: '11.0.12'
Driver info: driver.version: ChromeDriver
remote stacktrace: Backtrace:
Ordinal0 [0x011ABDE3+2473443]
Ordinal0 [0x01146661+2057825]
Ordinal0 [0x01052438+1057848]
Ordinal0 [0x0107054A+1181002]
Ordinal0 [0x0106C435+1164341]
Ordinal0 [0x01069CAF+1154223]
Ordinal0 [0x01099ADF+1350367]
Ordinal0 [0x0109974A+1349450]
Ordinal0 [0x010955AB+1332651]
Ordinal0 [0x01072104+1188100]
Ordinal0 [0x01072F59+1191769]
GetHandleVerifier [0x01332266+1549718]
GetHandleVerifier [0x013DD4A7+2250711]
GetHandleVerifier [0x0123718B+521403]
GetHandleVerifier [0x01236229+517465]
Ordinal0 [0x0114B79D+2078621]
Ordinal0 [0x0114FB58+2095960]
Ordinal0 [0x0114FC92+2096274]
Ordinal0 [0x01159541+2135361]
BaseThreadInitThunk [0x7704FA29+25]
RtlGetAppContainerNamedObjectPath [0x77457A9E+286]
RtlGetAppContainerNamedObjectPath [0x77457A6E+238]
]]>
            </message>
            <full-stacktrace>
              <![CDATA[org.openqa.selenium.SessionNotCreatedException: session not created: This version of ChromeDriver only supports Chrome version 94
Current browser version is 97.0.4692.99 with binary path C:\Program Files\Google\Chrome\Application\chrome.exe
Build info: version: '3.141.59', revision: 'e82be7d358', time: '2018-11-14T08:17:03'
System info: host: 'MOHITPARIHAR', ip: '192.168.0.104', os.name: 'Windows 10', os.arch: 'amd64', os.version: '10.0', java.version: '11.0.12'
Driver info: driver.version: ChromeDriver
remote stacktrace: Backtrace:
Ordinal0 [0x011ABDE3+2473443]
Ordinal0 [0x01146661+2057825]
Ordinal0 [0x01052438+1057848]
Ordinal0 [0x0107054A+1181002]
Ordinal0 [0x0106C435+1164341]
Ordinal0 [0x01069CAF+1154223]
Ordinal0 [0x01099ADF+1350367]
Ordinal0 [0x0109974A+1349450]
Ordinal0 [0x010955AB+1332651]
Ordinal0 [0x01072104+1188100]
Ordinal0 [0x01072F59+1191769]
GetHandleVerifier [0x01332266+1549718]
GetHandleVerifier [0x013DD4A7+2250711]
GetHandleVerifier [0x0123718B+521403]
GetHandleVerifier [0x01236229+517465]
Ordinal0 [0x0114B79D+2078621]
Ordinal0 [0x0114FB58+2095960]
Ordinal0 [0x0114FC92+2096274]
Ordinal0 [0x01159541+2135361]
BaseThreadInitThunk [0x7704FA29+25]
RtlGetAppContainerNamedObjectPath [0x77457A9E+286]
RtlGetAppContainerNamedObjectPath [0x77457A6E+238]

at java.base/jdk.internal.reflect.NativeConstructorAccessorImpl.newInstance0(Native Method)
at java.base/jdk.internal.reflect.NativeConstructorAccessorImpl.newInstance(NativeConstructorAccessorImpl.java:62)
at java.base/jdk.internal.reflect.DelegatingConstructorAccessorImpl.newInstance(DelegatingConstructorAccessorImpl.java:45)
at java.base/java.lang.reflect.Constructor.newInstance(Constructor.java:490)
at org.openqa.selenium.remote.W3CHandshakeResponse.lambda$errorHandler$0(W3CHandshakeResponse.java:62)
at org.openqa.selenium.remote.HandshakeResponse.lambda$getResponseFunction$0(HandshakeResponse.java:30)
at org.openqa.selenium.remote.ProtocolHandshake.lambda$createSession$0(ProtocolHandshake.java:126)
at java.base/java.util.stream.ReferencePipeline$3$1.accept(ReferencePipeline.java:195)
at java.base/java.util.Spliterators$ArraySpliterator.tryAdvance(Spliterators.java:958)
at java.base/java.util.stream.ReferencePipeline.forEachWithCancel(ReferencePipeline.java:127)
at java.base/java.util.stream.AbstractPipeline.copyIntoWithCancel(AbstractPipeline.java:502)
at java.base/java.util.stream.AbstractPipeline.copyInto(AbstractPipeline.java:488)
at java.base/java.util.stream.AbstractPipeline.wrapAndCopyInto(AbstractPipeline.java:474)
at java.base/java.util.stream.FindOps$FindOp.evaluateSequential(FindOps.java:150)
at java.base/java.util.stream.AbstractPipeline.evaluate(AbstractPipeline.java:234)
at java.base/java.util.stream.ReferencePipeline.findFirst(ReferencePipeline.java:543)
at org.openqa.selenium.remote.ProtocolHandshake.createSession(ProtocolHandshake.java:128)
at org.openqa.selenium.remote.ProtocolHandshake.createSession(ProtocolHandshake.java:74)
at org.openqa.selenium.remote.HttpCommandExecutor.execute(HttpCommandExecutor.java:136)
at org.openqa.selenium.remote.service.DriverCommandExecutor.execute(DriverCommandExecutor.java:83)
at org.openqa.selenium.remote.RemoteWebDriver.execute(RemoteWebDriver.java:552)
at org.openqa.selenium.remote.RemoteWebDriver.startSession(RemoteWebDriver.java:213)
at org.openqa.selenium.remote.RemoteWebDriver.<init>(RemoteWebDriver.java:131)
at org.openqa.selenium.chrome.ChromeDriver.<init>(ChromeDriver.java:181)
at org.openqa.selenium.chrome.ChromeDriver.<init>(ChromeDriver.java:168)
at org.openqa.selenium.chrome.ChromeDriver.<init>(ChromeDriver.java:157)
at com.SeleniumProject.tests.BaseTest.chooseDriver(BaseTest.java:75)
at java.base/jdk.internal.reflect.NativeMethodAccessorImpl.invoke0(Native Method)
at java.base/jdk.internal.reflect.NativeMethodAccessorImpl.invoke(NativeMethodAccessorImpl.java:62)
at java.base/jdk.internal.reflect.DelegatingMethodAccessorImpl.invoke(DelegatingMethodAccessorImpl.java:43)
at java.base/java.lang.reflect.Method.invoke(Method.java:566)
at org.testng.internal.MethodInvocationHelper.invokeMethod(MethodInvocationHelper.java:133)
at org.testng.internal.MethodInvocationHelper.invokeMethodConsideringTimeout(MethodInvocationHelper.java:62)
at org.testng.internal.ConfigInvoker.invokeConfigurationMethod(ConfigInvoker.java:385)
at org.testng.internal.ConfigInvoker.invokeConfigurations(ConfigInvoker.java:321)
at org.testng.internal.TestInvoker.runConfigMethods(TestInvoker.java:700)
at org.testng.internal.TestInvoker.invokeMethod(TestInvoker.java:527)
at org.testng.internal.TestInvoker.invokeTestMethod(TestInvoker.java:173)
at org.testng.internal.MethodRunner.runInSequence(MethodRunner.java:46)
at org.testng.internal.TestInvoker$MethodInvocationAgent.invoke(TestInvoker.java:824)
at org.testng.internal.TestInvoker.invokeTestMethods(TestInvoker.java:146)
at org.testng.internal.TestMethodWorker.invokeTestMethods(TestMethodWorker.java:146)
at org.testng.internal.TestMethodWorker.run(TestMethodWorker.java:128)
at java.base/java.util.ArrayList.forEach(ArrayList.java:1541)
at org.testng.TestRunner.privateRun(TestRunner.java:794)
at org.testng.TestRunner.run(TestRunner.java:596)
at org.testng.SuiteRunner.runTest(SuiteRunner.java:377)
at org.testng.SuiteRunner.runSequentially(SuiteRunner.java:371)
at org.testng.SuiteRunner.privateRun(SuiteRunner.java:332)
at org.testng.SuiteRunner.run(SuiteRunner.java:276)
at org.testng.SuiteRunnerWorker.runSuite(SuiteRunnerWorker.java:53)
at org.testng.SuiteRunnerWorker.run(SuiteRunnerWorker.java:96)
at org.testng.TestNG.runSuitesSequentially(TestNG.java:1212)
at org.testng.TestNG.runSuitesLocally(TestNG.java:1134)
at org.testng.TestNG.runSuites(TestNG.java:1063)
at org.testng.TestNG.run(TestNG.java:1031)
at org.testng.remote.AbstractRemoteTestNG.run(AbstractRemoteTestNG.java:115)
at org.testng.remote.RemoteTestNG.initAndRun(RemoteTestNG.java:251)
at org.testng.remote.RemoteTestNG.main(RemoteTestNG.java:77)
]]>
            </full-stacktrace>
          </exception> <!-- org.openqa.selenium.SessionNotCreatedException -->
          <reporter-output>
          </reporter-output>
        </test-method> <!-- chooseDriver -->
        <test-method signature="addToCart(java.lang.String,java.lang.String)[pri:0, instance:com.SeleniumProject.tests.AddToCartTest@53fdffa1]" started-at="2022-02-04T14:57:59 IST" name="addToCart" data-provider="DataForSearches" finished-at="2022-02-04T14:57:59 IST" duration-ms="0" status="SKIP">
          <params>
            <param index="0">
              <value>
                <![CDATA[mobile]]>
              </value>
            </param>
            <param index="1">
              <value>
                <![CDATA[++)(*&]]>
              </value>
            </param>
          </params>
          <exception class="org.openqa.selenium.SessionNotCreatedException">
            <message>
              <![CDATA[session not created: This version of ChromeDriver only supports Chrome version 94
Current browser version is 97.0.4692.99 with binary path C:\Program Files\Google\Chrome\Application\chrome.exe
Build info: version: '3.141.59', revision: 'e82be7d358', time: '2018-11-14T08:17:03'
System info: host: 'MOHITPARIHAR', ip: '192.168.0.104', os.name: 'Windows 10', os.arch: 'amd64', os.version: '10.0', java.version: '11.0.12'
Driver info: driver.version: ChromeDriver
remote stacktrace: Backtrace:
Ordinal0 [0x011ABDE3+2473443]
Ordinal0 [0x01146661+2057825]
Ordinal0 [0x01052438+1057848]
Ordinal0 [0x0107054A+1181002]
Ordinal0 [0x0106C435+1164341]
Ordinal0 [0x01069CAF+1154223]
Ordinal0 [0x01099ADF+1350367]
Ordinal0 [0x0109974A+1349450]
Ordinal0 [0x010955AB+1332651]
Ordinal0 [0x01072104+1188100]
Ordinal0 [0x01072F59+1191769]
GetHandleVerifier [0x01332266+1549718]
GetHandleVerifier [0x013DD4A7+2250711]
GetHandleVerifier [0x0123718B+521403]
GetHandleVerifier [0x01236229+517465]
Ordinal0 [0x0114B79D+2078621]
Ordinal0 [0x0114FB58+2095960]
Ordinal0 [0x0114FC92+2096274]
Ordinal0 [0x01159541+2135361]
BaseThreadInitThunk [0x7704FA29+25]
RtlGetAppContainerNamedObjectPath [0x77457A9E+286]
RtlGetAppContainerNamedObjectPath [0x77457A6E+238]
]]>
            </message>
            <full-stacktrace>
              <![CDATA[org.openqa.selenium.SessionNotCreatedException: session not created: This version of ChromeDriver only supports Chrome version 94
Current browser version is 97.0.4692.99 with binary path C:\Program Files\Google\Chrome\Application\chrome.exe
Build info: version: '3.141.59', revision: 'e82be7d358', time: '2018-11-14T08:17:03'
System info: host: 'MOHITPARIHAR', ip: '192.168.0.104', os.name: 'Windows 10', os.arch: 'amd64', os.version: '10.0', java.version: '11.0.12'
Driver info: driver.version: ChromeDriver
remote stacktrace: Backtrace:
Ordinal0 [0x011ABDE3+2473443]
Ordinal0 [0x01146661+2057825]
Ordinal0 [0x01052438+1057848]
Ordinal0 [0x0107054A+1181002]
Ordinal0 [0x0106C435+1164341]
Ordinal0 [0x01069CAF+1154223]
Ordinal0 [0x01099ADF+1350367]
Ordinal0 [0x0109974A+1349450]
Ordinal0 [0x010955AB+1332651]
Ordinal0 [0x01072104+1188100]
Ordinal0 [0x01072F59+1191769]
GetHandleVerifier [0x01332266+1549718]
GetHandleVerifier [0x013DD4A7+2250711]
GetHandleVerifier [0x0123718B+521403]
GetHandleVerifier [0x01236229+517465]
Ordinal0 [0x0114B79D+2078621]
Ordinal0 [0x0114FB58+2095960]
Ordinal0 [0x0114FC92+2096274]
Ordinal0 [0x01159541+2135361]
BaseThreadInitThunk [0x7704FA29+25]
RtlGetAppContainerNamedObjectPath [0x77457A9E+286]
RtlGetAppContainerNamedObjectPath [0x77457A6E+238]

at java.base/jdk.internal.reflect.NativeConstructorAccessorImpl.newInstance0(Native Method)
at java.base/jdk.internal.reflect.NativeConstructorAccessorImpl.newInstance(NativeConstructorAccessorImpl.java:62)
at java.base/jdk.internal.reflect.DelegatingConstructorAccessorImpl.newInstance(DelegatingConstructorAccessorImpl.java:45)
at java.base/java.lang.reflect.Constructor.newInstance(Constructor.java:490)
at org.openqa.selenium.remote.W3CHandshakeResponse.lambda$errorHandler$0(W3CHandshakeResponse.java:62)
at org.openqa.selenium.remote.HandshakeResponse.lambda$getResponseFunction$0(HandshakeResponse.java:30)
at org.openqa.selenium.remote.ProtocolHandshake.lambda$createSession$0(ProtocolHandshake.java:126)
at java.base/java.util.stream.ReferencePipeline$3$1.accept(ReferencePipeline.java:195)
at java.base/java.util.Spliterators$ArraySpliterator.tryAdvance(Spliterators.java:958)
at java.base/java.util.stream.ReferencePipeline.forEachWithCancel(ReferencePipeline.java:127)
at java.base/java.util.stream.AbstractPipeline.copyIntoWithCancel(AbstractPipeline.java:502)
at java.base/java.util.stream.AbstractPipeline.copyInto(AbstractPipeline.java:488)
at java.base/java.util.stream.AbstractPipeline.wrapAndCopyInto(AbstractPipeline.java:474)
at java.base/java.util.stream.FindOps$FindOp.evaluateSequential(FindOps.java:150)
at java.base/java.util.stream.AbstractPipeline.evaluate(AbstractPipeline.java:234)
at java.base/java.util.stream.ReferencePipeline.findFirst(ReferencePipeline.java:543)
at org.openqa.selenium.remote.ProtocolHandshake.createSession(ProtocolHandshake.java:128)
at org.openqa.selenium.remote.ProtocolHandshake.createSession(ProtocolHandshake.java:74)
at org.openqa.selenium.remote.HttpCommandExecutor.execute(HttpCommandExecutor.java:136)
at org.openqa.selenium.remote.service.DriverCommandExecutor.execute(DriverCommandExecutor.java:83)
at org.openqa.selenium.remote.RemoteWebDriver.execute(RemoteWebDriver.java:552)
at org.openqa.selenium.remote.RemoteWebDriver.startSession(RemoteWebDriver.java:213)
at org.openqa.selenium.remote.RemoteWebDriver.<init>(RemoteWebDriver.java:131)
at org.openqa.selenium.chrome.ChromeDriver.<init>(ChromeDriver.java:181)
at org.openqa.selenium.chrome.ChromeDriver.<init>(ChromeDriver.java:168)
at org.openqa.selenium.chrome.ChromeDriver.<init>(ChromeDriver.java:157)
at com.SeleniumProject.tests.BaseTest.chooseDriver(BaseTest.java:75)
at java.base/jdk.internal.reflect.NativeMethodAccessorImpl.invoke0(Native Method)
at java.base/jdk.internal.reflect.NativeMethodAccessorImpl.invoke(NativeMethodAccessorImpl.java:62)
at java.base/jdk.internal.reflect.DelegatingMethodAccessorImpl.invoke(DelegatingMethodAccessorImpl.java:43)
at java.base/java.lang.reflect.Method.invoke(Method.java:566)
at org.testng.internal.MethodInvocationHelper.invokeMethod(MethodInvocationHelper.java:133)
at org.testng.internal.MethodInvocationHelper.invokeMethodConsideringTimeout(MethodInvocationHelper.java:62)
at org.testng.internal.ConfigInvoker.invokeConfigurationMethod(ConfigInvoker.java:385)
at org.testng.internal.ConfigInvoker.invokeConfigurations(ConfigInvoker.java:321)
at org.testng.internal.TestInvoker.runConfigMethods(TestInvoker.java:700)
at org.testng.internal.TestInvoker.invokeMethod(TestInvoker.java:527)
at org.testng.internal.TestInvoker.invokeTestMethod(TestInvoker.java:173)
at org.testng.internal.MethodRunner.runInSequence(MethodRunner.java:46)
at org.testng.internal.TestInvoker$MethodInvocationAgent.invoke(TestInvoker.java:824)
at org.testng.internal.TestInvoker.invokeTestMethods(TestInvoker.java:146)
at org.testng.internal.TestMethodWorker.invokeTestMethods(TestMethodWorker.java:146)
at org.testng.internal.TestMethodWorker.run(TestMethodWorker.java:128)
at java.base/java.util.ArrayList.forEach(ArrayList.java:1541)
at org.testng.TestRunner.privateRun(TestRunner.java:794)
at org.testng.TestRunner.run(TestRunner.java:596)
at org.testng.SuiteRunner.runTest(SuiteRunner.java:377)
at org.testng.SuiteRunner.runSequentially(SuiteRunner.java:371)
at org.testng.SuiteRunner.privateRun(SuiteRunner.java:332)
at org.testng.SuiteRunner.run(SuiteRunner.java:276)
at org.testng.SuiteRunnerWorker.runSuite(SuiteRunnerWorker.java:53)
at org.testng.SuiteRunnerWorker.run(SuiteRunnerWorker.java:96)
at org.testng.TestNG.runSuitesSequentially(TestNG.java:1212)
at org.testng.TestNG.runSuitesLocally(TestNG.java:1134)
at org.testng.TestNG.runSuites(TestNG.java:1063)
at org.testng.TestNG.run(TestNG.java:1031)
at org.testng.remote.AbstractRemoteTestNG.run(AbstractRemoteTestNG.java:115)
at org.testng.remote.RemoteTestNG.initAndRun(RemoteTestNG.java:251)
at org.testng.remote.RemoteTestNG.main(RemoteTestNG.java:77)
]]>
            </full-stacktrace>
          </exception> <!-- org.openqa.selenium.SessionNotCreatedException -->
          <reporter-output>
          </reporter-output>
        </test-method> <!-- addToCart -->
        <test-method is-config="true" signature="attachScreenshot(org.testng.ITestResult,java.lang.String)[pri:0, instance:com.SeleniumProject.tests.AddToCartTest@53fdffa1]" started-at="2022-02-04T14:57:59 IST" name="attachScreenshot" finished-at="1970-01-01T05:30:00 IST" duration-ms="-1643966879626" status="SKIP">
          <reporter-output>
          </reporter-output>
        </test-method> <!-- attachScreenshot -->
      </class> <!-- com.SeleniumProject.tests.AddToCartTest -->
    </test> <!-- TestChrome -->
    <test started-at="2022-02-04T14:57:59 IST" name="TestEdge" finished-at="2022-02-04T14:58:00 IST" duration-ms="1190">
      <class name="com.SeleniumProject.tests.AddToCartTest">
        <test-method is-config="true" signature="chooseDriver(java.lang.String)[pri:0, instance:com.SeleniumProject.tests.AddToCartTest@6392827e]" started-at="2022-02-04T14:57:59 IST" name="chooseDriver" finished-at="2022-02-04T14:58:00 IST" duration-ms="1177" status="FAIL">
          <params>
            <param index="0">
              <value>
                <![CDATA[edge]]>
              </value>
            </param>
          </params>
          <exception class="org.openqa.selenium.SessionNotCreatedException">
            <message>
              <![CDATA[session not created: This version of MSEdgeDriver only supports MSEdge version 95
Current browser version is 98.0.1108.43 with binary path C:\Program Files (x86)\Microsoft\Edge\Application\msedge.exe
Build info: version: '3.141.59', revision: 'e82be7d358', time: '2018-11-14T08:17:03'
System info: host: 'MOHITPARIHAR', ip: '192.168.0.104', os.name: 'Windows 10', os.arch: 'amd64', os.version: '10.0', java.version: '11.0.12'
Driver info: driver.version: EdgeDriver
remote stacktrace: Backtrace:
Microsoft::Applications::Events::EventProperty::EventProperty [0x00007FF750B6A532+448610]
Microsoft::Applications::Events::EventProperty::to_string [0x00007FF7507970D3+951075]
Microsoft::Applications::Events::EventProperty::to_string [0x00007FF7507C1591+1124321]
Microsoft::Applications::Events::EventProperty::to_string [0x00007FF7507BDBB8+1109512]
Microsoft::Applications::Events::EventProperty::to_string [0x00007FF7507B6D8A+1081306]
Microsoft::Applications::Events::EventProperty::to_string [0x00007FF7507F20CC+1323804]
Microsoft::Applications::Events::EventProperty::to_string [0x00007FF7507ED10F+1303391]
Microsoft::Applications::Events::EventProperty::to_string [0x00007FF7507C33CF+1132063]
Microsoft::Applications::Events::EventProperty::to_string [0x00007FF7507C44DF+1136431]
Microsoft::Applications::Events::EventProperty::~EventProperty [0x00007FF75087C91D+14365]
Microsoft::Applications::Events::EventProperty::to_string [0x00007FF75082DD65+1568693]
Microsoft::Applications::Events::EventProperty::EventProperty [0x00007FF750A3AB59+2617]
Microsoft::Applications::Events::EventProperty::to_string [0x00007FF75082ED2E+1572734]
Microsoft::Applications::Events::EventProperty::EventProperty [0x00007FF750B0B898+60360]
Microsoft::Applications::Events::EventProperty::EventProperty [0x00007FF750B0B0F4+58404]
Microsoft::Applications::Events::EventProperty::EventProperty [0x00007FF750B0AF46+57974]
Microsoft::Applications::Events::EventProperty::EventProperty [0x00007FF750B3B63C+256364]
BaseThreadInitThunk [0x00007FFC7EE57034+20]
RtlUserThreadStart [0x00007FFC7EFE2651+33]
]]>
            </message>
            <full-stacktrace>
              <![CDATA[org.openqa.selenium.SessionNotCreatedException: session not created: This version of MSEdgeDriver only supports MSEdge version 95
Current browser version is 98.0.1108.43 with binary path C:\Program Files (x86)\Microsoft\Edge\Application\msedge.exe
Build info: version: '3.141.59', revision: 'e82be7d358', time: '2018-11-14T08:17:03'
System info: host: 'MOHITPARIHAR', ip: '192.168.0.104', os.name: 'Windows 10', os.arch: 'amd64', os.version: '10.0', java.version: '11.0.12'
Driver info: driver.version: EdgeDriver
remote stacktrace: Backtrace:
Microsoft::Applications::Events::EventProperty::EventProperty [0x00007FF750B6A532+448610]
Microsoft::Applications::Events::EventProperty::to_string [0x00007FF7507970D3+951075]
Microsoft::Applications::Events::EventProperty::to_string [0x00007FF7507C1591+1124321]
Microsoft::Applications::Events::EventProperty::to_string [0x00007FF7507BDBB8+1109512]
Microsoft::Applications::Events::EventProperty::to_string [0x00007FF7507B6D8A+1081306]
Microsoft::Applications::Events::EventProperty::to_string [0x00007FF7507F20CC+1323804]
Microsoft::Applications::Events::EventProperty::to_string [0x00007FF7507ED10F+1303391]
Microsoft::Applications::Events::EventProperty::to_string [0x00007FF7507C33CF+1132063]
Microsoft::Applications::Events::EventProperty::to_string [0x00007FF7507C44DF+1136431]
Microsoft::Applications::Events::EventProperty::~EventProperty [0x00007FF75087C91D+14365]
Microsoft::Applications::Events::EventProperty::to_string [0x00007FF75082DD65+1568693]
Microsoft::Applications::Events::EventProperty::EventProperty [0x00007FF750A3AB59+2617]
Microsoft::Applications::Events::EventProperty::to_string [0x00007FF75082ED2E+1572734]
Microsoft::Applications::Events::EventProperty::EventProperty [0x00007FF750B0B898+60360]
Microsoft::Applications::Events::EventProperty::EventProperty [0x00007FF750B0B0F4+58404]
Microsoft::Applications::Events::EventProperty::EventProperty [0x00007FF750B0AF46+57974]
Microsoft::Applications::Events::EventProperty::EventProperty [0x00007FF750B3B63C+256364]
BaseThreadInitThunk [0x00007FFC7EE57034+20]
RtlUserThreadStart [0x00007FFC7EFE2651+33]

at java.base/jdk.internal.reflect.NativeConstructorAccessorImpl.newInstance0(Native Method)
at java.base/jdk.internal.reflect.NativeConstructorAccessorImpl.newInstance(NativeConstructorAccessorImpl.java:62)
at java.base/jdk.internal.reflect.DelegatingConstructorAccessorImpl.newInstance(DelegatingConstructorAccessorImpl.java:45)
at java.base/java.lang.reflect.Constructor.newInstance(Constructor.java:490)
at org.openqa.selenium.remote.W3CHandshakeResponse.lambda$errorHandler$0(W3CHandshakeResponse.java:62)
at org.openqa.selenium.remote.HandshakeResponse.lambda$getResponseFunction$0(HandshakeResponse.java:30)
at org.openqa.selenium.remote.ProtocolHandshake.lambda$createSession$0(ProtocolHandshake.java:126)
at java.base/java.util.stream.ReferencePipeline$3$1.accept(ReferencePipeline.java:195)
at java.base/java.util.Spliterators$ArraySpliterator.tryAdvance(Spliterators.java:958)
at java.base/java.util.stream.ReferencePipeline.forEachWithCancel(ReferencePipeline.java:127)
at java.base/java.util.stream.AbstractPipeline.copyIntoWithCancel(AbstractPipeline.java:502)
at java.base/java.util.stream.AbstractPipeline.copyInto(AbstractPipeline.java:488)
at java.base/java.util.stream.AbstractPipeline.wrapAndCopyInto(AbstractPipeline.java:474)
at java.base/java.util.stream.FindOps$FindOp.evaluateSequential(FindOps.java:150)
at java.base/java.util.stream.AbstractPipeline.evaluate(AbstractPipeline.java:234)
at java.base/java.util.stream.ReferencePipeline.findFirst(ReferencePipeline.java:543)
at org.openqa.selenium.remote.ProtocolHandshake.createSession(ProtocolHandshake.java:128)
at org.openqa.selenium.remote.ProtocolHandshake.createSession(ProtocolHandshake.java:74)
at org.openqa.selenium.remote.HttpCommandExecutor.execute(HttpCommandExecutor.java:136)
at org.openqa.selenium.remote.service.DriverCommandExecutor.execute(DriverCommandExecutor.java:83)
at org.openqa.selenium.remote.RemoteWebDriver.execute(RemoteWebDriver.java:552)
at org.openqa.selenium.remote.RemoteWebDriver.startSession(RemoteWebDriver.java:213)
at org.openqa.selenium.remote.RemoteWebDriver.<init>(RemoteWebDriver.java:131)
at org.openqa.selenium.edge.EdgeDriver.<init>(EdgeDriver.java:141)
at org.openqa.selenium.edge.EdgeDriver.<init>(EdgeDriver.java:96)
at com.SeleniumProject.tests.BaseTest.chooseDriver(BaseTest.java:81)
at java.base/jdk.internal.reflect.NativeMethodAccessorImpl.invoke0(Native Method)
at java.base/jdk.internal.reflect.NativeMethodAccessorImpl.invoke(NativeMethodAccessorImpl.java:62)
at java.base/jdk.internal.reflect.DelegatingMethodAccessorImpl.invoke(DelegatingMethodAccessorImpl.java:43)
at java.base/java.lang.reflect.Method.invoke(Method.java:566)
at org.testng.internal.MethodInvocationHelper.invokeMethod(MethodInvocationHelper.java:133)
at org.testng.internal.MethodInvocationHelper.invokeMethodConsideringTimeout(MethodInvocationHelper.java:62)
at org.testng.internal.ConfigInvoker.invokeConfigurationMethod(ConfigInvoker.java:385)
at org.testng.internal.ConfigInvoker.invokeConfigurations(ConfigInvoker.java:321)
at org.testng.internal.TestInvoker.runConfigMethods(TestInvoker.java:700)
at org.testng.internal.TestInvoker.invokeMethod(TestInvoker.java:527)
at org.testng.internal.TestInvoker.invokeTestMethod(TestInvoker.java:173)
at org.testng.internal.MethodRunner.runInSequence(MethodRunner.java:46)
at org.testng.internal.TestInvoker$MethodInvocationAgent.invoke(TestInvoker.java:824)
at org.testng.internal.TestInvoker.invokeTestMethods(TestInvoker.java:146)
at org.testng.internal.TestMethodWorker.invokeTestMethods(TestMethodWorker.java:146)
at org.testng.internal.TestMethodWorker.run(TestMethodWorker.java:128)
at java.base/java.util.ArrayList.forEach(ArrayList.java:1541)
at org.testng.TestRunner.privateRun(TestRunner.java:794)
at org.testng.TestRunner.run(TestRunner.java:596)
at org.testng.SuiteRunner.runTest(SuiteRunner.java:377)
at org.testng.SuiteRunner.runSequentially(SuiteRunner.java:371)
at org.testng.SuiteRunner.privateRun(SuiteRunner.java:332)
at org.testng.SuiteRunner.run(SuiteRunner.java:276)
at org.testng.SuiteRunnerWorker.runSuite(SuiteRunnerWorker.java:53)
at org.testng.SuiteRunnerWorker.run(SuiteRunnerWorker.java:96)
at org.testng.TestNG.runSuitesSequentially(TestNG.java:1212)
at org.testng.TestNG.runSuitesLocally(TestNG.java:1134)
at org.testng.TestNG.runSuites(TestNG.java:1063)
at org.testng.TestNG.run(TestNG.java:1031)
at org.testng.remote.AbstractRemoteTestNG.run(AbstractRemoteTestNG.java:115)
at org.testng.remote.RemoteTestNG.initAndRun(RemoteTestNG.java:251)
at org.testng.remote.RemoteTestNG.main(RemoteTestNG.java:77)
]]>
            </full-stacktrace>
          </exception> <!-- org.openqa.selenium.SessionNotCreatedException -->
          <reporter-output>
          </reporter-output>
        </test-method> <!-- chooseDriver -->
        <test-method signature="addToCart(java.lang.String,java.lang.String)[pri:0, instance:com.SeleniumProject.tests.AddToCartTest@6392827e]" started-at="2022-02-04T14:58:00 IST" name="addToCart" data-provider="DataForSearches" finished-at="2022-02-04T14:58:00 IST" duration-ms="0" status="SKIP">
          <params>
            <param index="0">
              <value>
                <![CDATA[mobile]]>
              </value>
            </param>
            <param index="1">
              <value>
                <![CDATA[++)(*&]]>
              </value>
            </param>
          </params>
          <exception class="org.openqa.selenium.SessionNotCreatedException">
            <message>
              <![CDATA[session not created: This version of MSEdgeDriver only supports MSEdge version 95
Current browser version is 98.0.1108.43 with binary path C:\Program Files (x86)\Microsoft\Edge\Application\msedge.exe
Build info: version: '3.141.59', revision: 'e82be7d358', time: '2018-11-14T08:17:03'
System info: host: 'MOHITPARIHAR', ip: '192.168.0.104', os.name: 'Windows 10', os.arch: 'amd64', os.version: '10.0', java.version: '11.0.12'
Driver info: driver.version: EdgeDriver
remote stacktrace: Backtrace:
Microsoft::Applications::Events::EventProperty::EventProperty [0x00007FF750B6A532+448610]
Microsoft::Applications::Events::EventProperty::to_string [0x00007FF7507970D3+951075]
Microsoft::Applications::Events::EventProperty::to_string [0x00007FF7507C1591+1124321]
Microsoft::Applications::Events::EventProperty::to_string [0x00007FF7507BDBB8+1109512]
Microsoft::Applications::Events::EventProperty::to_string [0x00007FF7507B6D8A+1081306]
Microsoft::Applications::Events::EventProperty::to_string [0x00007FF7507F20CC+1323804]
Microsoft::Applications::Events::EventProperty::to_string [0x00007FF7507ED10F+1303391]
Microsoft::Applications::Events::EventProperty::to_string [0x00007FF7507C33CF+1132063]
Microsoft::Applications::Events::EventProperty::to_string [0x00007FF7507C44DF+1136431]
Microsoft::Applications::Events::EventProperty::~EventProperty [0x00007FF75087C91D+14365]
Microsoft::Applications::Events::EventProperty::to_string [0x00007FF75082DD65+1568693]
Microsoft::Applications::Events::EventProperty::EventProperty [0x00007FF750A3AB59+2617]
Microsoft::Applications::Events::EventProperty::to_string [0x00007FF75082ED2E+1572734]
Microsoft::Applications::Events::EventProperty::EventProperty [0x00007FF750B0B898+60360]
Microsoft::Applications::Events::EventProperty::EventProperty [0x00007FF750B0B0F4+58404]
Microsoft::Applications::Events::EventProperty::EventProperty [0x00007FF750B0AF46+57974]
Microsoft::Applications::Events::EventProperty::EventProperty [0x00007FF750B3B63C+256364]
BaseThreadInitThunk [0x00007FFC7EE57034+20]
RtlUserThreadStart [0x00007FFC7EFE2651+33]
]]>
            </message>
            <full-stacktrace>
              <![CDATA[org.openqa.selenium.SessionNotCreatedException: session not created: This version of MSEdgeDriver only supports MSEdge version 95
Current browser version is 98.0.1108.43 with binary path C:\Program Files (x86)\Microsoft\Edge\Application\msedge.exe
Build info: version: '3.141.59', revision: 'e82be7d358', time: '2018-11-14T08:17:03'
System info: host: 'MOHITPARIHAR', ip: '192.168.0.104', os.name: 'Windows 10', os.arch: 'amd64', os.version: '10.0', java.version: '11.0.12'
Driver info: driver.version: EdgeDriver
remote stacktrace: Backtrace:
Microsoft::Applications::Events::EventProperty::EventProperty [0x00007FF750B6A532+448610]
Microsoft::Applications::Events::EventProperty::to_string [0x00007FF7507970D3+951075]
Microsoft::Applications::Events::EventProperty::to_string [0x00007FF7507C1591+1124321]
Microsoft::Applications::Events::EventProperty::to_string [0x00007FF7507BDBB8+1109512]
Microsoft::Applications::Events::EventProperty::to_string [0x00007FF7507B6D8A+1081306]
Microsoft::Applications::Events::EventProperty::to_string [0x00007FF7507F20CC+1323804]
Microsoft::Applications::Events::EventProperty::to_string [0x00007FF7507ED10F+1303391]
Microsoft::Applications::Events::EventProperty::to_string [0x00007FF7507C33CF+1132063]
Microsoft::Applications::Events::EventProperty::to_string [0x00007FF7507C44DF+1136431]
Microsoft::Applications::Events::EventProperty::~EventProperty [0x00007FF75087C91D+14365]
Microsoft::Applications::Events::EventProperty::to_string [0x00007FF75082DD65+1568693]
Microsoft::Applications::Events::EventProperty::EventProperty [0x00007FF750A3AB59+2617]
Microsoft::Applications::Events::EventProperty::to_string [0x00007FF75082ED2E+1572734]
Microsoft::Applications::Events::EventProperty::EventProperty [0x00007FF750B0B898+60360]
Microsoft::Applications::Events::EventProperty::EventProperty [0x00007FF750B0B0F4+58404]
Microsoft::Applications::Events::EventProperty::EventProperty [0x00007FF750B0AF46+57974]
Microsoft::Applications::Events::EventProperty::EventProperty [0x00007FF750B3B63C+256364]
BaseThreadInitThunk [0x00007FFC7EE57034+20]
RtlUserThreadStart [0x00007FFC7EFE2651+33]

at java.base/jdk.internal.reflect.NativeConstructorAccessorImpl.newInstance0(Native Method)
at java.base/jdk.internal.reflect.NativeConstructorAccessorImpl.newInstance(NativeConstructorAccessorImpl.java:62)
at java.base/jdk.internal.reflect.DelegatingConstructorAccessorImpl.newInstance(DelegatingConstructorAccessorImpl.java:45)
at java.base/java.lang.reflect.Constructor.newInstance(Constructor.java:490)
at org.openqa.selenium.remote.W3CHandshakeResponse.lambda$errorHandler$0(W3CHandshakeResponse.java:62)
at org.openqa.selenium.remote.HandshakeResponse.lambda$getResponseFunction$0(HandshakeResponse.java:30)
at org.openqa.selenium.remote.ProtocolHandshake.lambda$createSession$0(ProtocolHandshake.java:126)
at java.base/java.util.stream.ReferencePipeline$3$1.accept(ReferencePipeline.java:195)
at java.base/java.util.Spliterators$ArraySpliterator.tryAdvance(Spliterators.java:958)
at java.base/java.util.stream.ReferencePipeline.forEachWithCancel(ReferencePipeline.java:127)
at java.base/java.util.stream.AbstractPipeline.copyIntoWithCancel(AbstractPipeline.java:502)
at java.base/java.util.stream.AbstractPipeline.copyInto(AbstractPipeline.java:488)
at java.base/java.util.stream.AbstractPipeline.wrapAndCopyInto(AbstractPipeline.java:474)
at java.base/java.util.stream.FindOps$FindOp.evaluateSequential(FindOps.java:150)
at java.base/java.util.stream.AbstractPipeline.evaluate(AbstractPipeline.java:234)
at java.base/java.util.stream.ReferencePipeline.findFirst(ReferencePipeline.java:543)
at org.openqa.selenium.remote.ProtocolHandshake.createSession(ProtocolHandshake.java:128)
at org.openqa.selenium.remote.ProtocolHandshake.createSession(ProtocolHandshake.java:74)
at org.openqa.selenium.remote.HttpCommandExecutor.execute(HttpCommandExecutor.java:136)
at org.openqa.selenium.remote.service.DriverCommandExecutor.execute(DriverCommandExecutor.java:83)
at org.openqa.selenium.remote.RemoteWebDriver.execute(RemoteWebDriver.java:552)
at org.openqa.selenium.remote.RemoteWebDriver.startSession(RemoteWebDriver.java:213)
at org.openqa.selenium.remote.RemoteWebDriver.<init>(RemoteWebDriver.java:131)
at org.openqa.selenium.edge.EdgeDriver.<init>(EdgeDriver.java:141)
at org.openqa.selenium.edge.EdgeDriver.<init>(EdgeDriver.java:96)
at com.SeleniumProject.tests.BaseTest.chooseDriver(BaseTest.java:81)
at java.base/jdk.internal.reflect.NativeMethodAccessorImpl.invoke0(Native Method)
at java.base/jdk.internal.reflect.NativeMethodAccessorImpl.invoke(NativeMethodAccessorImpl.java:62)
at java.base/jdk.internal.reflect.DelegatingMethodAccessorImpl.invoke(DelegatingMethodAccessorImpl.java:43)
at java.base/java.lang.reflect.Method.invoke(Method.java:566)
at org.testng.internal.MethodInvocationHelper.invokeMethod(MethodInvocationHelper.java:133)
at org.testng.internal.MethodInvocationHelper.invokeMethodConsideringTimeout(MethodInvocationHelper.java:62)
at org.testng.internal.ConfigInvoker.invokeConfigurationMethod(ConfigInvoker.java:385)
at org.testng.internal.ConfigInvoker.invokeConfigurations(ConfigInvoker.java:321)
at org.testng.internal.TestInvoker.runConfigMethods(TestInvoker.java:700)
at org.testng.internal.TestInvoker.invokeMethod(TestInvoker.java:527)
at org.testng.internal.TestInvoker.invokeTestMethod(TestInvoker.java:173)
at org.testng.internal.MethodRunner.runInSequence(MethodRunner.java:46)
at org.testng.internal.TestInvoker$MethodInvocationAgent.invoke(TestInvoker.java:824)
at org.testng.internal.TestInvoker.invokeTestMethods(TestInvoker.java:146)
at org.testng.internal.TestMethodWorker.invokeTestMethods(TestMethodWorker.java:146)
at org.testng.internal.TestMethodWorker.run(TestMethodWorker.java:128)
at java.base/java.util.ArrayList.forEach(ArrayList.java:1541)
at org.testng.TestRunner.privateRun(TestRunner.java:794)
at org.testng.TestRunner.run(TestRunner.java:596)
at org.testng.SuiteRunner.runTest(SuiteRunner.java:377)
at org.testng.SuiteRunner.runSequentially(SuiteRunner.java:371)
at org.testng.SuiteRunner.privateRun(SuiteRunner.java:332)
at org.testng.SuiteRunner.run(SuiteRunner.java:276)
at org.testng.SuiteRunnerWorker.runSuite(SuiteRunnerWorker.java:53)
at org.testng.SuiteRunnerWorker.run(SuiteRunnerWorker.java:96)
at org.testng.TestNG.runSuitesSequentially(TestNG.java:1212)
at org.testng.TestNG.runSuitesLocally(TestNG.java:1134)
at org.testng.TestNG.runSuites(TestNG.java:1063)
at org.testng.TestNG.run(TestNG.java:1031)
at org.testng.remote.AbstractRemoteTestNG.run(AbstractRemoteTestNG.java:115)
at org.testng.remote.RemoteTestNG.initAndRun(RemoteTestNG.java:251)
at org.testng.remote.RemoteTestNG.main(RemoteTestNG.java:77)
]]>
            </full-stacktrace>
          </exception> <!-- org.openqa.selenium.SessionNotCreatedException -->
          <reporter-output>
          </reporter-output>
        </test-method> <!-- addToCart -->
        <test-method is-config="true" signature="attachScreenshot(org.testng.ITestResult,java.lang.String)[pri:0, instance:com.SeleniumProject.tests.AddToCartTest@6392827e]" started-at="2022-02-04T14:58:00 IST" name="attachScreenshot" finished-at="1970-01-01T05:30:00 IST" duration-ms="-1643966880855" status="SKIP">
          <reporter-output>
          </reporter-output>
        </test-method> <!-- attachScreenshot -->
      </class> <!-- com.SeleniumProject.tests.AddToCartTest -->
    </test> <!-- TestEdge -->
    <test started-at="2022-02-04T14:58:00 IST" name="TestFireFox" finished-at="2022-02-04T14:58:13 IST" duration-ms="13121">
      <class name="com.SeleniumProject.tests.AddToCartTest">
        <test-method is-config="true" signature="chooseDriver(java.lang.String)[pri:0, instance:com.SeleniumProject.tests.AddToCartTest@1de76cc7]" started-at="2022-02-04T14:58:00 IST" name="chooseDriver" finished-at="2022-02-04T14:58:07 IST" duration-ms="6945" status="PASS">
          <params>
            <param index="0">
              <value>
                <![CDATA[firefox]]>
              </value>
            </param>
          </params>
          <reporter-output>
          </reporter-output>
        </test-method> <!-- chooseDriver -->
        <test-method signature="addToCart(java.lang.String,java.lang.String)[pri:0, instance:com.SeleniumProject.tests.AddToCartTest@1de76cc7]" started-at="2022-02-04T14:58:07 IST" name="addToCart" data-provider="DataForSearches" finished-at="2022-02-04T14:58:12 IST" duration-ms="5088" status="PASS">
          <params>
            <param index="0">
              <value>
                <![CDATA[mobile]]>
              </value>
            </param>
            <param index="1">
              <value>
                <![CDATA[++)(*&]]>
              </value>
            </param>
          </params>
          <reporter-output>
          </reporter-output>
        </test-method> <!-- addToCart -->
        <test-method is-config="true" signature="attachScreenshot(org.testng.ITestResult,java.lang.String)[pri:0, instance:com.SeleniumProject.tests.AddToCartTest@1de76cc7]" started-at="2022-02-04T14:58:12 IST" name="attachScreenshot" finished-at="2022-02-04T14:58:13 IST" duration-ms="1084" status="PASS">
          <params>
            <param index="0">
              <value>
                <![CDATA[[TestResult name=addToCart status=SUCCESS method=AddToCartTest.addToCart(java.lang.String,java.lang.String)[pri:0, instance:com.SeleniumProject.tests.AddToCartTest@1de76cc7] output={null}]]]>
              </value>
            </param>
            <param index="1">
              <value>
                <![CDATA[firefox]]>
              </value>
            </param>
          </params>
          <reporter-output>
          </reporter-output>
        </test-method> <!-- attachScreenshot -->
      </class> <!-- com.SeleniumProject.tests.AddToCartTest -->
      <class name="com.SeleniumProject.tests.LoginTest">
        <test-method is-config="true" signature="setExtent()[pri:0, instance:com.SeleniumProject.tests.LoginTest@c88a337]" started-at="2022-02-04T14:57:57 IST" name="setExtent" finished-at="2022-02-04T14:57:58 IST" duration-ms="124" status="PASS">
          <reporter-output>
          </reporter-output>
        </test-method> <!-- setExtent -->
        <test-method is-config="true" signature="endReport()[pri:0, instance:com.SeleniumProject.tests.LoginTest@c88a337]" started-at="2022-02-04T14:58:14 IST" name="endReport" finished-at="2022-02-04T14:58:14 IST" duration-ms="189" status="PASS">
          <reporter-output>
          </reporter-output>
        </test-method> <!-- endReport -->
      </class> <!-- com.SeleniumProject.tests.LoginTest -->
    </test> <!-- TestFireFox -->
  </suite> <!-- Suite -->
</testng-results>
