<?xml version="1.0" encoding="UTF-8"?>
<!-- Generated by org.testng.reporters.JUnitReportReporter -->
<testsuite hostname="mohitparihar" failures="0" tests="5" name="com.SeleniumProject.tests.AddToCartTest" time="15.780" errors="2" timestamp="2022-02-04T14:58:14 IST" skipped="2">
  <testcase classname="com.SeleniumProject.tests.AddToCartTest" name="addToCart" time="13.117"/>
  <system-out/>
  <testcase classname="com.SeleniumProject.tests.AddToCartTest" name="chooseDriver" time="1.177">
    <error message="session not created: This version of MSEdgeDriver only supports MSEdge version 95
Current browser version is 98.0.1108.43 with binary path C:\Program Files (x86)\Microsoft\Edge\Application\msedge.exe
Build info: version: &#039;3.141.59&#039;, revision: &#039;e82be7d358&#039;, time: &#039;2018-11-14T08:17:03&#039;
System info: host: &#039;MOHITPARIHAR&#039;, ip: &#039;192.168.0.104&#039;, os.name: &#039;Windows 10&#039;, os.arch: &#039;amd64&#039;, os.version: &#039;10.0&#039;, java.version: &#039;11.0.12&#039;
Driver info: driver.version: EdgeDriver
remote stacktrace: Backtrace:
	Microsoft::Applications::Events::EventProperty::EventProperty [0x00007FF750B6A532+448610]
	Microsoft::Applications::Events::EventProperty::to_string [0x00007FF7507970D3+951075]
	Microsoft::Applications::Events::EventProperty::to_string [0x00007FF7507C1591+1124321]
	Microsoft::Applications::Events::EventProperty::to_string [0x00007FF7507BDBB8+1109512]
	Microsoft::Applications::Events::EventProperty::to_string [0x00007FF7507B6D8A+1081306]
	Microsoft::Applications::Events::EventProperty::to_string [0x00007FF7507F20CC+1323804]
	Microsoft::Applications::Events::EventProperty::to_string [0x00007FF7507ED10F+1303391]
	Microsoft::Applications::Events::EventProperty::to_string [0x00007FF7507C33CF+1132063]
	Microsoft::Applications::Events::EventProperty::to_string [0x00007FF7507C44DF+1136431]
	Microsoft::Applications::Events::EventProperty::~EventProperty [0x00007FF75087C91D+14365]
	Microsoft::Applications::Events::EventProperty::to_string [0x00007FF75082DD65+1568693]
	Microsoft::Applications::Events::EventProperty::EventProperty [0x00007FF750A3AB59+2617]
	Microsoft::Applications::Events::EventProperty::to_string [0x00007FF75082ED2E+1572734]
	Microsoft::Applications::Events::EventProperty::EventProperty [0x00007FF750B0B898+60360]
	Microsoft::Applications::Events::EventProperty::EventProperty [0x00007FF750B0B0F4+58404]
	Microsoft::Applications::Events::EventProperty::EventProperty [0x00007FF750B0AF46+57974]
	Microsoft::Applications::Events::EventProperty::EventProperty [0x00007FF750B3B63C+256364]
	BaseThreadInitThunk [0x00007FFC7EE57034+20]
	RtlUserThreadStart [0x00007FFC7EFE2651+33]
" type="org.openqa.selenium.SessionNotCreatedException">
      <![CDATA[org.openqa.selenium.SessionNotCreatedException: session not created: This version of MSEdgeDriver only supports MSEdge version 95
Current browser version is 98.0.1108.43 with binary path C:\Program Files (x86)\Microsoft\Edge\Application\msedge.exe
Build info: version: '3.141.59', revision: 'e82be7d358', time: '2018-11-14T08:17:03'
System info: host: 'MOHITPARIHAR', ip: '192.168.0.104', os.name: 'Windows 10', os.arch: 'amd64', os.version: '10.0', java.version: '11.0.12'
Driver info: driver.version: EdgeDriver
remote stacktrace: Backtrace:
Microsoft::Applications::Events::EventProperty::EventProperty [0x00007FF750B6A532+448610]
Microsoft::Applications::Events::EventProperty::to_string [0x00007FF7507970D3+951075]
Microsoft::Applications::Events::EventProperty::to_string [0x00007FF7507C1591+1124321]
Microsoft::Applications::Events::EventProperty::to_string [0x00007FF7507BDBB8+1109512]
Microsoft::Applications::Events::EventProperty::to_string [0x00007FF7507B6D8A+1081306]
Microsoft::Applications::Events::EventProperty::to_string [0x00007FF7507F20CC+1323804]
Microsoft::Applications::Events::EventProperty::to_string [0x00007FF7507ED10F+1303391]
Microsoft::Applications::Events::EventProperty::to_string [0x00007FF7507C33CF+1132063]
Microsoft::Applications::Events::EventProperty::to_string [0x00007FF7507C44DF+1136431]
Microsoft::Applications::Events::EventProperty::~EventProperty [0x00007FF75087C91D+14365]
Microsoft::Applications::Events::EventProperty::to_string [0x00007FF75082DD65+1568693]
Microsoft::Applications::Events::EventProperty::EventProperty [0x00007FF750A3AB59+2617]
Microsoft::Applications::Events::EventProperty::to_string [0x00007FF75082ED2E+1572734]
Microsoft::Applications::Events::EventProperty::EventProperty [0x00007FF750B0B898+60360]
Microsoft::Applications::Events::EventProperty::EventProperty [0x00007FF750B0B0F4+58404]
Microsoft::Applications::Events::EventProperty::EventProperty [0x00007FF750B0AF46+57974]
Microsoft::Applications::Events::EventProperty::EventProperty [0x00007FF750B3B63C+256364]
BaseThreadInitThunk [0x00007FFC7EE57034+20]
RtlUserThreadStart [0x00007FFC7EFE2651+33]

at java.base/jdk.internal.reflect.NativeConstructorAccessorImpl.newInstance0(Native Method)
at java.base/jdk.internal.reflect.NativeConstructorAccessorImpl.newInstance(NativeConstructorAccessorImpl.java:62)
at java.base/jdk.internal.reflect.DelegatingConstructorAccessorImpl.newInstance(DelegatingConstructorAccessorImpl.java:45)
at java.base/java.lang.reflect.Constructor.newInstance(Constructor.java:490)
at org.openqa.selenium.remote.W3CHandshakeResponse.lambda$errorHandler$0(W3CHandshakeResponse.java:62)
at org.openqa.selenium.remote.HandshakeResponse.lambda$getResponseFunction$0(HandshakeResponse.java:30)
at org.openqa.selenium.remote.ProtocolHandshake.lambda$createSession$0(ProtocolHandshake.java:126)
at java.base/java.util.stream.ReferencePipeline$3$1.accept(ReferencePipeline.java:195)
at java.base/java.util.Spliterators$ArraySpliterator.tryAdvance(Spliterators.java:958)
at java.base/java.util.stream.ReferencePipeline.forEachWithCancel(ReferencePipeline.java:127)
at java.base/java.util.stream.AbstractPipeline.copyIntoWithCancel(AbstractPipeline.java:502)
at java.base/java.util.stream.AbstractPipeline.copyInto(AbstractPipeline.java:488)
at java.base/java.util.stream.AbstractPipeline.wrapAndCopyInto(AbstractPipeline.java:474)
at java.base/java.util.stream.FindOps$FindOp.evaluateSequential(FindOps.java:150)
at java.base/java.util.stream.AbstractPipeline.evaluate(AbstractPipeline.java:234)
at java.base/java.util.stream.ReferencePipeline.findFirst(ReferencePipeline.java:543)
at org.openqa.selenium.remote.ProtocolHandshake.createSession(ProtocolHandshake.java:128)
at org.openqa.selenium.remote.ProtocolHandshake.createSession(ProtocolHandshake.java:74)
at org.openqa.selenium.remote.HttpCommandExecutor.execute(HttpCommandExecutor.java:136)
at org.openqa.selenium.remote.service.DriverCommandExecutor.execute(DriverCommandExecutor.java:83)
at org.openqa.selenium.remote.RemoteWebDriver.execute(RemoteWebDriver.java:552)
at org.openqa.selenium.remote.RemoteWebDriver.startSession(RemoteWebDriver.java:213)
at org.openqa.selenium.remote.RemoteWebDriver.<init>(RemoteWebDriver.java:131)
at org.openqa.selenium.edge.EdgeDriver.<init>(EdgeDriver.java:141)
at org.openqa.selenium.edge.EdgeDriver.<init>(EdgeDriver.java:96)
at com.SeleniumProject.tests.BaseTest.chooseDriver(BaseTest.java:81)
at java.base/jdk.internal.reflect.NativeMethodAccessorImpl.invoke0(Native Method)
at java.base/jdk.internal.reflect.NativeMethodAccessorImpl.invoke(NativeMethodAccessorImpl.java:62)
at java.base/jdk.internal.reflect.DelegatingMethodAccessorImpl.invoke(DelegatingMethodAccessorImpl.java:43)
at java.base/java.lang.reflect.Method.invoke(Method.java:566)
at org.testng.internal.MethodInvocationHelper.invokeMethod(MethodInvocationHelper.java:133)
at org.testng.internal.MethodInvocationHelper.invokeMethodConsideringTimeout(MethodInvocationHelper.java:62)
at org.testng.internal.ConfigInvoker.invokeConfigurationMethod(ConfigInvoker.java:385)
at org.testng.internal.ConfigInvoker.invokeConfigurations(ConfigInvoker.java:321)
at org.testng.internal.TestInvoker.runConfigMethods(TestInvoker.java:700)
at org.testng.internal.TestInvoker.invokeMethod(TestInvoker.java:527)
at org.testng.internal.TestInvoker.invokeTestMethod(TestInvoker.java:173)
at org.testng.internal.MethodRunner.runInSequence(MethodRunner.java:46)
at org.testng.internal.TestInvoker$MethodInvocationAgent.invoke(TestInvoker.java:824)
at org.testng.internal.TestInvoker.invokeTestMethods(TestInvoker.java:146)
at org.testng.internal.TestMethodWorker.invokeTestMethods(TestMethodWorker.java:146)
at org.testng.internal.TestMethodWorker.run(TestMethodWorker.java:128)
at java.base/java.util.ArrayList.forEach(ArrayList.java:1541)
at org.testng.TestRunner.privateRun(TestRunner.java:794)
at org.testng.TestRunner.run(TestRunner.java:596)
at org.testng.SuiteRunner.runTest(SuiteRunner.java:377)
at org.testng.SuiteRunner.runSequentially(SuiteRunner.java:371)
at org.testng.SuiteRunner.privateRun(SuiteRunner.java:332)
at org.testng.SuiteRunner.run(SuiteRunner.java:276)
at org.testng.SuiteRunnerWorker.runSuite(SuiteRunnerWorker.java:53)
at org.testng.SuiteRunnerWorker.run(SuiteRunnerWorker.java:96)
at org.testng.TestNG.runSuitesSequentially(TestNG.java:1212)
at org.testng.TestNG.runSuitesLocally(TestNG.java:1134)
at org.testng.TestNG.runSuites(TestNG.java:1063)
at org.testng.TestNG.run(TestNG.java:1031)
at org.testng.remote.AbstractRemoteTestNG.run(AbstractRemoteTestNG.java:115)
at org.testng.remote.RemoteTestNG.initAndRun(RemoteTestNG.java:251)
at org.testng.remote.RemoteTestNG.main(RemoteTestNG.java:77)
]]>
    </error>
  </testcase> <!-- chooseDriver -->
  <system-out/>
  <testcase classname="com.SeleniumProject.tests.AddToCartTest" name="chooseDriver" time="1.486">
    <error message="session not created: This version of ChromeDriver only supports Chrome version 94
Current browser version is 97.0.4692.99 with binary path C:\Program Files\Google\Chrome\Application\chrome.exe
Build info: version: &#039;3.141.59&#039;, revision: &#039;e82be7d358&#039;, time: &#039;2018-11-14T08:17:03&#039;
System info: host: &#039;MOHITPARIHAR&#039;, ip: &#039;192.168.0.104&#039;, os.name: &#039;Windows 10&#039;, os.arch: &#039;amd64&#039;, os.version: &#039;10.0&#039;, java.version: &#039;11.0.12&#039;
Driver info: driver.version: ChromeDriver
remote stacktrace: Backtrace:
	Ordinal0 [0x011ABDE3+2473443]
	Ordinal0 [0x01146661+2057825]
	Ordinal0 [0x01052438+1057848]
	Ordinal0 [0x0107054A+1181002]
	Ordinal0 [0x0106C435+1164341]
	Ordinal0 [0x01069CAF+1154223]
	Ordinal0 [0x01099ADF+1350367]
	Ordinal0 [0x0109974A+1349450]
	Ordinal0 [0x010955AB+1332651]
	Ordinal0 [0x01072104+1188100]
	Ordinal0 [0x01072F59+1191769]
	GetHandleVerifier [0x01332266+1549718]
	GetHandleVerifier [0x013DD4A7+2250711]
	GetHandleVerifier [0x0123718B+521403]
	GetHandleVerifier [0x01236229+517465]
	Ordinal0 [0x0114B79D+2078621]
	Ordinal0 [0x0114FB58+2095960]
	Ordinal0 [0x0114FC92+2096274]
	Ordinal0 [0x01159541+2135361]
	BaseThreadInitThunk [0x7704FA29+25]
	RtlGetAppContainerNamedObjectPath [0x77457A9E+286]
	RtlGetAppContainerNamedObjectPath [0x77457A6E+238]
" type="org.openqa.selenium.SessionNotCreatedException">
      <![CDATA[org.openqa.selenium.SessionNotCreatedException: session not created: This version of ChromeDriver only supports Chrome version 94
Current browser version is 97.0.4692.99 with binary path C:\Program Files\Google\Chrome\Application\chrome.exe
Build info: version: '3.141.59', revision: 'e82be7d358', time: '2018-11-14T08:17:03'
System info: host: 'MOHITPARIHAR', ip: '192.168.0.104', os.name: 'Windows 10', os.arch: 'amd64', os.version: '10.0', java.version: '11.0.12'
Driver info: driver.version: ChromeDriver
remote stacktrace: Backtrace:
Ordinal0 [0x011ABDE3+2473443]
Ordinal0 [0x01146661+2057825]
Ordinal0 [0x01052438+1057848]
Ordinal0 [0x0107054A+1181002]
Ordinal0 [0x0106C435+1164341]
Ordinal0 [0x01069CAF+1154223]
Ordinal0 [0x01099ADF+1350367]
Ordinal0 [0x0109974A+1349450]
Ordinal0 [0x010955AB+1332651]
Ordinal0 [0x01072104+1188100]
Ordinal0 [0x01072F59+1191769]
GetHandleVerifier [0x01332266+1549718]
GetHandleVerifier [0x013DD4A7+2250711]
GetHandleVerifier [0x0123718B+521403]
GetHandleVerifier [0x01236229+517465]
Ordinal0 [0x0114B79D+2078621]
Ordinal0 [0x0114FB58+2095960]
Ordinal0 [0x0114FC92+2096274]
Ordinal0 [0x01159541+2135361]
BaseThreadInitThunk [0x7704FA29+25]
RtlGetAppContainerNamedObjectPath [0x77457A9E+286]
RtlGetAppContainerNamedObjectPath [0x77457A6E+238]

at java.base/jdk.internal.reflect.NativeConstructorAccessorImpl.newInstance0(Native Method)
at java.base/jdk.internal.reflect.NativeConstructorAccessorImpl.newInstance(NativeConstructorAccessorImpl.java:62)
at java.base/jdk.internal.reflect.DelegatingConstructorAccessorImpl.newInstance(DelegatingConstructorAccessorImpl.java:45)
at java.base/java.lang.reflect.Constructor.newInstance(Constructor.java:490)
at org.openqa.selenium.remote.W3CHandshakeResponse.lambda$errorHandler$0(W3CHandshakeResponse.java:62)
at org.openqa.selenium.remote.HandshakeResponse.lambda$getResponseFunction$0(HandshakeResponse.java:30)
at org.openqa.selenium.remote.ProtocolHandshake.lambda$createSession$0(ProtocolHandshake.java:126)
at java.base/java.util.stream.ReferencePipeline$3$1.accept(ReferencePipeline.java:195)
at java.base/java.util.Spliterators$ArraySpliterator.tryAdvance(Spliterators.java:958)
at java.base/java.util.stream.ReferencePipeline.forEachWithCancel(ReferencePipeline.java:127)
at java.base/java.util.stream.AbstractPipeline.copyIntoWithCancel(AbstractPipeline.java:502)
at java.base/java.util.stream.AbstractPipeline.copyInto(AbstractPipeline.java:488)
at java.base/java.util.stream.AbstractPipeline.wrapAndCopyInto(AbstractPipeline.java:474)
at java.base/java.util.stream.FindOps$FindOp.evaluateSequential(FindOps.java:150)
at java.base/java.util.stream.AbstractPipeline.evaluate(AbstractPipeline.java:234)
at java.base/java.util.stream.ReferencePipeline.findFirst(ReferencePipeline.java:543)
at org.openqa.selenium.remote.ProtocolHandshake.createSession(ProtocolHandshake.java:128)
at org.openqa.selenium.remote.ProtocolHandshake.createSession(ProtocolHandshake.java:74)
at org.openqa.selenium.remote.HttpCommandExecutor.execute(HttpCommandExecutor.java:136)
at org.openqa.selenium.remote.service.DriverCommandExecutor.execute(DriverCommandExecutor.java:83)
at org.openqa.selenium.remote.RemoteWebDriver.execute(RemoteWebDriver.java:552)
at org.openqa.selenium.remote.RemoteWebDriver.startSession(RemoteWebDriver.java:213)
at org.openqa.selenium.remote.RemoteWebDriver.<init>(RemoteWebDriver.java:131)
at org.openqa.selenium.chrome.ChromeDriver.<init>(ChromeDriver.java:181)
at org.openqa.selenium.chrome.ChromeDriver.<init>(ChromeDriver.java:168)
at org.openqa.selenium.chrome.ChromeDriver.<init>(ChromeDriver.java:157)
at com.SeleniumProject.tests.BaseTest.chooseDriver(BaseTest.java:75)
at java.base/jdk.internal.reflect.NativeMethodAccessorImpl.invoke0(Native Method)
at java.base/jdk.internal.reflect.NativeMethodAccessorImpl.invoke(NativeMethodAccessorImpl.java:62)
at java.base/jdk.internal.reflect.DelegatingMethodAccessorImpl.invoke(DelegatingMethodAccessorImpl.java:43)
at java.base/java.lang.reflect.Method.invoke(Method.java:566)
at org.testng.internal.MethodInvocationHelper.invokeMethod(MethodInvocationHelper.java:133)
at org.testng.internal.MethodInvocationHelper.invokeMethodConsideringTimeout(MethodInvocationHelper.java:62)
at org.testng.internal.ConfigInvoker.invokeConfigurationMethod(ConfigInvoker.java:385)
at org.testng.internal.ConfigInvoker.invokeConfigurations(ConfigInvoker.java:321)
at org.testng.internal.TestInvoker.runConfigMethods(TestInvoker.java:700)
at org.testng.internal.TestInvoker.invokeMethod(TestInvoker.java:527)
at org.testng.internal.TestInvoker.invokeTestMethod(TestInvoker.java:173)
at org.testng.internal.MethodRunner.runInSequence(MethodRunner.java:46)
at org.testng.internal.TestInvoker$MethodInvocationAgent.invoke(TestInvoker.java:824)
at org.testng.internal.TestInvoker.invokeTestMethods(TestInvoker.java:146)
at org.testng.internal.TestMethodWorker.invokeTestMethods(TestMethodWorker.java:146)
at org.testng.internal.TestMethodWorker.run(TestMethodWorker.java:128)
at java.base/java.util.ArrayList.forEach(ArrayList.java:1541)
at org.testng.TestRunner.privateRun(TestRunner.java:794)
at org.testng.TestRunner.run(TestRunner.java:596)
at org.testng.SuiteRunner.runTest(SuiteRunner.java:377)
at org.testng.SuiteRunner.runSequentially(SuiteRunner.java:371)
at org.testng.SuiteRunner.privateRun(SuiteRunner.java:332)
at org.testng.SuiteRunner.run(SuiteRunner.java:276)
at org.testng.SuiteRunnerWorker.runSuite(SuiteRunnerWorker.java:53)
at org.testng.SuiteRunnerWorker.run(SuiteRunnerWorker.java:96)
at org.testng.TestNG.runSuitesSequentially(TestNG.java:1212)
at org.testng.TestNG.runSuitesLocally(TestNG.java:1134)
at org.testng.TestNG.runSuites(TestNG.java:1063)
at org.testng.TestNG.run(TestNG.java:1031)
at org.testng.remote.AbstractRemoteTestNG.run(AbstractRemoteTestNG.java:115)
at org.testng.remote.RemoteTestNG.initAndRun(RemoteTestNG.java:251)
at org.testng.remote.RemoteTestNG.main(RemoteTestNG.java:77)
]]>
    </error>
  </testcase> <!-- chooseDriver -->
  <system-out/>
  <testcase classname="com.SeleniumProject.tests.AddToCartTest" name="addToCart" time="0.000">
    <skipped/>
  </testcase> <!-- addToCart -->
  <system-out/>
  <testcase classname="com.SeleniumProject.tests.AddToCartTest" name="addToCart" time="0.000">
    <skipped/>
  </testcase> <!-- addToCart -->
  <system-out/>
</testsuite> <!-- com.SeleniumProject.tests.AddToCartTest -->
